<?xml version="1.0" encoding="UTF-8"?>
<testsuite xmlns:xsi="http://www.w3.org/2001/XMLSchema-instance" xsi:noNamespaceSchemaLocation="https://maven.apache.org/surefire/maven-surefire-plugin/xsd/surefire-test-report-3.0.xsd" version="3.0" name="FelineTest" time="0.028" tests="5" errors="0" skipped="0" failures="0">
  <properties>
[...]
</properties>
  <testcase name="getKittensWithParamsReturnCorrectNumbers" classname="FelineTest" time="0.005"/>
  <testcase name="getFamilyReturnCatsFamily" classname="FelineTest" time="0.003"/>
  <testcase name="eatMeetReturnMeetFoodList" classname="FelineTest" time="0.001"/>
  <testcase name="getKittensIsUsed" classname="FelineTest" time="0.015"/>
  <testcase name="getKittensReturnBasicParam" classname="FelineTest" time="0.001"/>
</testsuite>